Flow report for game24
Tue Apr 03 20:59:17 2018
Quartus Prime Version 17.0.0 Build 595 04/25/2017 SJ Standard Edition


---------------------
; Table of Contents ;
---------------------
  1. Legal Notice
  2. Flow Summary
  3. Flow Settings
  4. Flow Non-Default Global Settings
  5. Flow Elapsed Time
  6. Flow OS Summary
  7. Flow Log
  8. Flow Messages
  9. Flow Suppressed Messages



----------------
; Legal Notice ;
----------------
Copyright (C) 2017  Intel Corporation. All rights reserved.
Your use of Intel Corporation's design tools, logic functions 
and other software and tools, and its AMPP partner logic 
functions, and any output files from any of the foregoing 
(including device programming or simulation files), and any 
associated documentation or information are expressly subject 
to the terms and conditions of the Intel Program License 
Subscription Agreement, the Intel Quartus Prime License Agreement,
the Intel MegaCore Function License Agreement, or other 
applicable license agreement, including, without limitation, 
that your use is for the sole purpose of programming logic 
devices manufactured by Intel and sold by Intel or its 
authorized distributors.  Please refer to the applicable 
agreement for further details.



+-----------------------------------------------------------------------------------+
; Flow Summary                                                                      ;
+---------------------------------+-------------------------------------------------+
; Flow Status                     ; Successful - Tue Apr 03 20:59:03 2018           ;
; Quartus Prime Version           ; 17.0.0 Build 595 04/25/2017 SJ Standard Edition ;
; Revision Name                   ; game24                                          ;
; Top-level Entity Name           ; game24                                          ;
; Family                          ; Cyclone V                                       ;
; Device                          ; 5CSEMA5F31C6                                    ;
; Timing Models                   ; Final                                           ;
; Logic utilization (in ALMs)     ; 128 / 32,070 ( < 1 % )                          ;
; Total registers                 ; 84                                              ;
; Total pins                      ; 85 / 457 ( 19 % )                               ;
; Total virtual pins              ; 0                                               ;
; Total block memory bits         ; 74,880 / 4,065,280 ( 2 % )                      ;
; Total DSP Blocks                ; 0 / 87 ( 0 % )                                  ;
; Total HSSI RX PCSs              ; 0                                               ;
; Total HSSI PMA RX Deserializers ; 0                                               ;
; Total HSSI TX PCSs              ; 0                                               ;
; Total HSSI PMA TX Serializers   ; 0                                               ;
; Total PLLs                      ; 1 / 6 ( 17 % )                                  ;
; Total DLLs                      ; 0 / 4 ( 0 % )                                   ;
+---------------------------------+-------------------------------------------------+


+-----------------------------------------+
; Flow Settings                           ;
+-------------------+---------------------+
; Option            ; Setting             ;
+-------------------+---------------------+
; Start date & time ; 04/03/2018 20:57:31 ;
; Main task         ; Compilation         ;
; Revision Name     ; game24              ;
+-------------------+---------------------+


+-------------------------------------------------------------------------------------------------------------------------+
; Flow Non-Default Global Settings                                                                                        ;
+-------------------------------------+----------------------------------------+---------------+-------------+------------+
; Assignment Name                     ; Value                                  ; Default Value ; Entity Name ; Section Id ;
+-------------------------------------+----------------------------------------+---------------+-------------+------------+
; COMPILER_SIGNATURE_ID               ; 167746773791597.152280345101204        ; --            ; --          ; --         ;
; MAX_CORE_JUNCTION_TEMP              ; 85                                     ; --            ; --          ; --         ;
; MIN_CORE_JUNCTION_TEMP              ; 0                                      ; --            ; --          ; --         ;
; PARTITION_COLOR                     ; -- (Not supported for targeted family) ; --            ; --          ; Top        ;
; PARTITION_FITTER_PRESERVATION_LEVEL ; -- (Not supported for targeted family) ; --            ; --          ; Top        ;
; PARTITION_NETLIST_TYPE              ; -- (Not supported for targeted family) ; --            ; --          ; Top        ;
; PROJECT_OUTPUT_DIRECTORY            ; output_files                           ; --            ; --          ; --         ;
+-------------------------------------+----------------------------------------+---------------+-------------+------------+


+-------------------------------------------------------------------------------------------------------------------------------+
; Flow Elapsed Time                                                                                                             ;
+---------------------------+--------------+-------------------------+---------------------+------------------------------------+
; Module Name               ; Elapsed Time ; Average Processors Used ; Peak Virtual Memory ; Total CPU Time (on all processors) ;
+---------------------------+--------------+-------------------------+---------------------+------------------------------------+
; Analysis & Synthesis      ; 00:00:24     ; 1.0                     ; 725 MB              ; 00:00:27                           ;
; Fitter                    ; 00:00:49     ; 1.0                     ; 2613 MB             ; 00:01:26                           ;
; Assembler                 ; 00:00:08     ; 1.0                     ; 703 MB              ; 00:00:07                           ;
; TimeQuest Timing Analyzer ; 00:00:12     ; 1.1                     ; 1047 MB             ; 00:00:08                           ;
; Total                     ; 00:01:33     ; --                      ; --                  ; 00:02:08                           ;
+---------------------------+--------------+-------------------------+---------------------+------------------------------------+


+----------------------------------------------------------------------------------------+
; Flow OS Summary                                                                        ;
+---------------------------+------------------+-----------+------------+----------------+
; Module Name               ; Machine Hostname ; OS Name   ; OS Version ; Processor type ;
+---------------------------+------------------+-----------+------------+----------------+
; Analysis & Synthesis      ; BA3145WS11       ; Windows 7 ; 6.1        ; x86_64         ;
; Fitter                    ; BA3145WS11       ; Windows 7 ; 6.1        ; x86_64         ;
; Assembler                 ; BA3145WS11       ; Windows 7 ; 6.1        ; x86_64         ;
; TimeQuest Timing Analyzer ; BA3145WS11       ; Windows 7 ; 6.1        ; x86_64         ;
+---------------------------+------------------+-----------+------------+----------------+


------------
; Flow Log ;
------------
quartus_map --read_settings_files=on --write_settings_files=off game24 -c game24
quartus_fit --read_settings_files=off --write_settings_files=off game24 -c game24
quartus_asm --read_settings_files=off --write_settings_files=off game24 -c game24
quartus_sta game24 -c game24



